<?xml version="1.0" encoding="UTF-8"?>
<testng-results ignored="0" total="1" passed="1" failed="0" skipped="0">
  <reporter-output>
  </reporter-output>
  <suite started-at="2025-03-30T16:03:07 IST" name="Default suite" finished-at="2025-03-30T16:03:07 IST" duration-ms="55">
    <groups>
    </groups>
    <test started-at="2025-03-30T16:03:07 IST" name="Default test" finished-at="2025-03-30T16:03:07 IST" duration-ms="55">
      <class name="extra.Test1">
        <test-method signature="createOrgTest()[pri:0, instance:extra.Test1@7e6f74c]" started-at="2025-03-30T16:03:07 IST" name="createOrgTest" finished-at="2025-03-30T16:03:07 IST" duration-ms="17" status="PASS">
          <reporter-output>
          </reporter-output>
        </test-method> <!-- createOrgTest -->
      </class> <!-- extra.Test1 -->
    </test> <!-- Default test -->
  </suite> <!-- Default suite -->
</testng-results>
