<?xml version="1.0" encoding="UTF-8"?>
<testng-results ignored="0" total="1" passed="1" failed="0" skipped="0">
  <reporter-output>
    <line>
      <![CDATA[Organization created successfully !!!]]>
    </line>
  </reporter-output>
  <suite started-at="2025-03-02T15:56:35 IST" name="Default suite" finished-at="2025-03-02T15:56:50 IST" duration-ms="15540">
    <groups>
    </groups>
    <test started-at="2025-03-02T15:56:35 IST" name="Default test" finished-at="2025-03-02T15:56:50 IST" duration-ms="15540">
      <class name="orgTest.CreateOrgTest">
        <test-method signature="createOrgTest()[pri:0, instance:orgTest.CreateOrgTest@576d5deb]" started-at="2025-03-02T15:56:35 IST" name="createOrgTest" finished-at="2025-03-02T15:56:50 IST" duration-ms="15507" status="PASS">
          <reporter-output>
            <line>
              <![CDATA[Organization created successfully !!!]]>
            </line>
          </reporter-output>
        </test-method> <!-- createOrgTest -->
      </class> <!-- orgTest.CreateOrgTest -->
    </test> <!-- Default test -->
  </suite> <!-- Default suite -->
</testng-results>
