<?xml version="1.0" encoding="UTF-8"?>
<!-- Generated by org.testng.reporters.JUnitXMLReporter -->
<testsuite ignored="1" hostname="TYSS-Piyush-Baldaniya" failures="0" tests="2" name="Test" time="28.476" errors="0" timestamp="2025-03-02T15:46:54 IST">
  <testcase classname="orgTest.OrgTest" name="createOrgWithIndustryTest" time="14.635"/>
  <testcase classname="orgTest.OrgTest" name="createOrgWithPhoneTest" time="13.796"/>
  <testcase classname="orgTest.OrgTest" name="createOrgTest" time="0.0">
    <ignored/>
  </testcase> <!-- createOrgTest -->
</testsuite> <!-- Test -->
